   0.745    0.000    0.000    0.000  100.000
   0.340    0.115    0.258    0.161  100.000
   0.002    0.006    0.020    0.020  100.000
   0.001    0.012    0.052    0.052  100.000
   0.772    0.018    0.219    0.125  100.000
   0.000    0.022    0.240    0.134  100.000
   0.000    0.021    0.228    0.129  100.000
   0.000    0.019    0.215    0.130  100.000
   0.000    0.018    0.194    0.124  100.000
   0.000    0.015    0.161    0.103  100.000
   0.000    0.011    0.130    0.081  100.000
   0.000    0.009    0.071    0.046  100.000
   0.000    0.010    0.057    0.044  100.000
   0.000    0.011    0.052    0.048  100.000
   0.000    0.011    0.053    0.049  100.000
   0.000    0.012    0.058    0.050  100.000
   0.000    0.013    0.065    0.052  100.000
   0.000    0.013    0.055    0.055  100.000
   0.000    0.013    0.058    0.058  100.000
   0.000    0.015    0.065    0.065  100.000
   0.000    0.017    0.074    0.074  100.000
   0.000    0.018    0.081    0.081  100.000
