           1           1   11230.1979102135     
           1           2  -2.92853492856235     
           1           3  -8.02502346080916     
           1           4  -13.7536581339463     
           1           5  -18.0667897833341     
           1           6  -18.1341117760989     
           1           7  -14.9941928919714     
           1           8  -10.6862611998222     
           1           9  -6.16264145466463     
           1          10  -1.60797760237269     
           1          11   1.83960295036366     
           1          12   2.56278448229736     
           1          13   1.18048816781188     
           1          14 -0.342589010426993     
           1          15  -1.24724563709413     
           1          16  -1.56414433070019     
           1          17  -1.52924525979968     
           1          18  -1.33297134321491     
           1          19  -1.02883353836259     
           1          20 -0.582449327836669     
           1          21  -1.41790556931297     
           2           1   5605.78740266217     
           2           2   2752.91037724967     
           2           3   1881.20491881556     
           2           4   604.258758711612     
           2           5  -144.818295006765     
           2           6  -373.665564309548     
           2           7  -336.521734337838     
           2           8  -226.681913992101     
           2           9  -123.575960031211     
           2          10  -40.8734390905431     
           2          11   11.7432106962013     
           2          12   17.7234517905086     
           2          13  -5.98050499710654     
           2          14  -29.5657784239376     
           2          15  -42.9104855937808     
           2          16  -47.0435498846390     
           2          17  -45.4396757853565     
           2          18  -40.7405143705560     
           2          19  -32.6795768778659     
           2          20  -19.1631771790871     
           2          21  -50.7245452060734     
           3           1   1542.47544951739     
           3           2   1884.80884703139     
           3           3   3891.39169967576     
           3           4   1998.51152997682     
           3           5   139.348007629318     
           3           6  -701.563956788291     
           3           7  -796.315913627621     
           3           8  -588.285029974350     
           3           9  -326.889016180764     
           3          10  -94.6694042524300     
           3          11   52.6669472735586     
           3          12   65.3500641165430     
           3          13  -5.92424790275104     
           3          14  -74.9123789374982     
           3          15  -113.405789849221     
           3          16  -125.263164357825     
           3          17  -120.960811421301     
           3          18  -108.227002604953     
           3          19  -86.6423462282181     
           3          20  -50.7356632429083     
           3          21  -133.949562187512     
           4           1  -160.636459611995     
           4           2   611.167951332010     
           4           3   2000.51915573576     
           4           4   3443.77848349545     
           4           5   1276.75728873791     
           4           6  -459.688534278419     
           4           7  -1055.46738905184     
           4           8  -938.370939961696     
           4           9  -554.188432805378     
           4          10  -135.505463282027     
           4          11   147.033411837656     
           4          12   177.612899691670     
           4          13   42.3415244673163     
           4          14  -91.7676353301979     
           4          15  -168.163673883695     
           4          16  -193.643018617316     
           4          17  -188.716779348075     
           4          18  -168.649542580540     
           4          19  -134.490720000515     
           4          20  -78.4621820902589     
           4          21  -205.409248577036     
           5           1  -501.056117168665     
           5           2  -135.666708078853     
           5           3   142.192918534602     
           5           4   1277.11461934976     
           5           5   2669.31057689730     
           5           6   781.302713185151     
           5           7  -662.456274039655     
           5           8  -1072.57496737353     
           5           9  -808.962250013058     
           5          10  -257.263513616658     
           5          11   230.293170194409     
           5          12   371.545399689330     
           5          13   212.166354319641     
           5          14   9.99056341794011     
           5          15  -122.770115979121     
           5          16  -180.710587202448     
           5          17  -190.435540782651     
           5          18  -175.379957714792     
           5          19  -141.524254521603     
           5          20  -82.9578096322581     
           5          21  -218.281293340350     
           6           1  -365.292165214657     
           6           2  -364.521721990127     
           6           3  -698.822452517994     
           6           4  -459.521243872450     
           6           5   781.057498702976     
           6           6   2518.69828573431     
           6           7   876.000494250609     
           6           8  -500.075341135284     
           6           9  -883.251251581832     
           6          10  -510.983668918806     
           6          11   125.653992318760     
           6          12   477.933737437419     
           6          13   410.230709400143     
           6          14   202.189212800627     
           6          15   28.2908406057782     
           6          16  -70.7272050139118     
           6          17  -111.536595805423     
           6          18  -118.501103563260     
           6          19  -102.489054811531     
           6          20  -62.4306574661971     
           6          21  -175.266327405954     
           7           1  -184.594179392592     
           7           2  -329.002364567849     
           7           3  -794.160969733683     
           7           4  -1055.51408217304     
           7           5  -662.891108369831     
           7           6   875.769482319617     
           7           7   2761.20172316016     
           7           8   1065.86485638338     
           7           9  -399.837373716067     
           7          10  -727.270194961684     
           7          11  -199.198882476878     
           7          12   363.229921400224     
           7          13   502.791957824086     
           7          14   388.550317652066     
           7          15   224.703127666359     
           7          16   99.8383129246417     
           7          17   25.3848790999849     
           7          18  -12.5146637756318     
           7          19  -26.3918612156748     
           7          20  -21.2098293614143     
           7          21  -83.1878362625637     
           8           1  -78.6052347260062     
           8           2  -221.348501556848     
           8           3  -586.817893884374     
           8           4  -938.513345907102     
           8           5  -1073.01599139795     
           8           6  -500.374331897580     
           8           7   1065.74507315245     
           8           8   2783.52549162382     
           8           9   879.114393449992     
           8          10  -587.585056087875     
           8          11  -628.481459442650     
           8          12  -27.7723974804759     
           8          13   376.350043066954     
           8          14   464.257084086844     
           8          15   389.444777181584     
           8          16   278.992903439404     
           8          17   186.069880194920     
           8          18   120.260119736939     
           8          19   73.1768168951283     
           8          20   34.4352072847990     
           8          21   50.4765332126313     
           9           1  -37.3502535752450     
           9           2  -120.510418257355     
           9           3  -326.069260723442     
           9           4  -554.307317737886     
           9           5  -809.256392992166     
           9           6  -883.476375613086     
           9           7  -399.975308505015     
           9           8   879.043834531579     
           9           9   2235.65248649165     
           9          10   220.832436688519     
           9          11  -832.739169964315     
           9          12  -607.168092118612     
           9          13  -42.2928581738821     
           9          14   307.069929798573     
           9          15   410.041291570501     
           9          16   380.192632605162     
           9          17   307.888027755506     
           9          18   235.230686229410     
           9          19   166.195251421721     
           9          20   89.0259799831687     
           9          21   195.702964645931     
          10           1  -24.2672938282238     
          10           2  -40.0701694404940     
          10           3  -94.4448913334792     
          10           4  -135.512445433071     
          10           5  -257.308103965786     
          10           6  -511.034688149773     
          10           7  -727.343596243562     
          10           8  -587.678537845575     
          10           9   220.756602844364     
          10          10   1335.97762944217     
          10          11  -237.380518140005     
          10          12  -917.133063250699     
          10          13  -621.809278441571     
          10          14  -160.097419880774     
          10          15   136.423078621987     
          10          16   253.728345873320     
          10          17   265.960167278113     
          10          18   234.540723998803     
          10          19   181.536074350926     
          10          20   103.394185845409     
          10          21   260.170573559090     
          11           1  -15.6904822387680     
          11           2   10.8449134928178     
          11           3   52.4686223381016     
          11           4   147.148158830874     
          11           5   230.475144576830     
          11           6   125.787598137295     
          11           7  -199.149622566638     
          11           8  -628.514772946837     
          11           9  -832.829694259123     
          11          10  -237.469000537300     
          11          11   1240.71850306587     
          11          12  -46.0687136918969     
          11          13  -692.676652040080     
          11          14  -673.416211941334     
          11          15  -426.781331623711     
          11          16  -202.066807737192     
          11          17  -62.8503833744113     
          11          18   6.03142656293864     
          11          19   30.7692064460904     
          11          20   26.1132414212006     
          11          21   105.606187161838     
          12           1  -11.2054332981704     
          12           2   16.4700155066555     
          12           3   65.0659239170487     
          12           4   177.748739525550     
          12           5   371.766236343516     
          12           6   478.131288423579     
          12           7   363.386874597179     
          12           8  -27.6687236900496     
          12           9  -607.149218665376     
          12          10  -917.218812060770     
          12          11  -46.1883834831180     
          12          12   1710.13672814365     
          12          13   549.343511940106     
          12          14  -436.610594863637     
          12          15  -770.599231282876     
          12          16  -713.220750139919     
          12          17  -534.917371681219     
          12          18  -368.016886561848     
          12          19  -235.985653769587     
          12          20  -118.084825659836     
          12          21  -229.962106268024     
          13           1  -10.7924488882904     
          13           2  -6.55064437739649     
          13           3  -6.03846492105828     
          13           4   42.4177573185220     
          13           5   212.279700959063     
          13           6   410.381888788595     
          13           7   503.002155894219     
          13           8   376.589418586431     
          13           9  -42.1200484479440     
          13          10  -621.826533706113     
          13          11  -692.887747101623     
          13          12   549.162662956503     
          13          13   2613.04107107913     
          13          14   1204.17983303010     
          13          15  -162.613563539819     
          13          16  -762.108606915671     
          13          17  -826.059799124312     
          13          18  -677.376491661962     
          13          19  -476.357571445520     
          13          20  -250.739934562024     
          13          21  -555.775720353916     
          14           1  -12.0322607520059     
          14           2  -29.3272819044381     
          14           3  -74.6895918497983     
          14           4  -91.5237853533594     
          14           5   10.2350681797150     
          14           6   202.478449041371     
          14           7   388.884382512294     
          14           8   464.545562662983     
          14           9   307.152710323170     
          14          10  -160.339013568782     
          14          11  -673.810702400157     
          14          12  -436.687224769354     
          14          13   1204.63024881956     
          14          14   3226.45862003068     
          14          15   1581.91848480104     
          14          16   7.31806479593977     
          14          17  -709.521239460696     
          14          18  -819.245804449282     
          14          19  -647.850942033440     
          14          20  -352.849404057707     
          14          21  -806.501372132930     
          15           1  -13.1448535235192     
          15           2  -42.0165467567836     
          15           3  -112.514965602717     
          15           4  -167.103913901756     
          15           5  -121.687038845932     
          15           6   29.2817879905958     
          15           7   225.424245782528     
          15           8   389.620773427882     
          15           9   409.419002823395     
          15          10   135.147052087903     
          15          11  -427.680140911249     
          15          12  -769.846377526164     
          15          13  -159.977059781910     
          15          14   1584.90422816069     
          15          15   3522.53946227440     
          15          16   1762.38922584014     
          15          17   110.939343547738     
          15          18  -637.054147388892     
          15          19  -712.184669716132     
          15          20  -429.096026721069     
          15          21  -1036.48337994198     
          16           1  -13.4315843110535     
          16           2  -45.5888213768333     
          16           3  -123.253703128528     
          16           4  -190.943567886754     
          16           5  -177.896541686801     
          16           6  -68.3180158990154     
          16           7   101.291493771280     
          16           8   278.867679325287     
          16           9   378.096629829745     
          16          10   250.386478123991     
          16          11  -203.895502333664     
          16          12  -710.732208395227     
          16          13  -755.081247561610     
          16          14   16.4720783733779     
          16          15   1769.38958114858     
          16          16   3660.32750636768     
          16          17   1862.19389592366     
          16          18   201.478546855553     
          16          19  -491.812704180285     
          16          20  -430.684958941987     
          16          21  -1286.78893912953     
          17           1  -12.8876399448573     
          17           2  -43.6774892832161     
          17           3  -118.088449134667     
          17           4  -184.689216958036     
          17           5  -186.210849305733     
          17           6  -107.975761447679     
          17           7   27.4261965319926     
          17           8   185.692065378320     
          17           9   304.592424376289     
          17          10   260.947904145021     
          17          11  -65.4214414936244     
          17          12  -531.015441679069     
          17          13  -815.478545270392     
          17          14  -695.354238324070     
          17          15   123.726215148935     
          17          16   1868.18148486947     
          17          17   3746.22675634408     
          17          18   1952.17123367385     
          17          19   351.414859552721     
          17          20  -206.133393276919     
          17          21  -1463.91122607990     
          18           1  -11.9912763556506     
          18           2  -39.9130131271196     
          18           3  -107.617373726615     
          18           4  -168.045010542834     
          18           5  -174.785027023644     
          18           6  -117.887101649022     
          18           7  -11.9405477280852     
          18           8   120.603422824735     
          18           9   235.090155714291     
          18          10   233.846762782624     
          18          11   5.31871173045812     
          18          12  -367.828073330279     
          18          13  -675.995480644837     
          18          14  -818.194689748822     
          18          15  -640.053078416080     
          18          16   189.820210683645     
          18          17   1933.44123787491     
          18          18   3806.21529923462     
          18          19   2024.00050254459     
          18          20   469.682114509038     
          18          21  -1174.89155215274     
          19           1  -11.1196969731126     
          19           2  -36.2855086100304     
          19           3  -97.5143959676013     
          19           4  -151.406234656440     
          19           5  -159.525372967829     
          19           6  -116.985225238248     
          19           7  -33.3748057776762     
          19           8   77.1447424114075     
          19           9   182.141147676718     
          19          10   202.926361639434     
          19          11   39.6148858082270     
          19          12  -254.733769525470     
          19          13  -522.018138226155     
          19          14  -713.736543059368     
          19          15  -795.166537258508     
          19          16  -591.750445502049     
          19          17   239.845309502847     
          19          18   1928.61695046326     
          19          19   3655.75935353328     
          19          20   1643.82464515079     
          19          21   456.531252006693     
          20           1  -10.3752272647690     
          20           2  -33.2730608270585     
          20           3  -89.1383924725707     
          20           4  -137.448636841651     
          20           5  -145.620926853076     
          20           6  -113.222660155681     
          20           7  -46.3604096333006     
          20           8   47.0777490779062     
          20           9   143.572893385345     
          20          10   177.807516646024     
          20          11   57.9321707312996     
          20          12  -182.276351275788     
          20          13  -409.340476852242     
          20          14  -579.385050103280     
          20          15  -703.784029643724     
          20          16  -741.713693673060     
          20          17  -539.310255554988     
          20          18   145.465385976186     
          20          19   1409.27455889545     
          20          20   2419.23924817045     
          20          21   4440.86778299102     
          21           1  -9.05767280579631     
          21           2  -28.6559474616368     
          21           3  -76.5696438657098     
          21           4  -117.315673752824     
          21           5  -124.584521406371     
          21           6  -101.128410527216     
          21           7  -50.3768324733494     
          21           8   24.6140622297735     
          21           9   108.015448462895     
          21          10   147.917135787427     
          21          11   63.7138014098632     
          21          12  -127.141074531641     
          21          13  -315.154346506939     
          21          14  -449.116360634250     
          21          15  -539.798472216245     
          21          16  -601.967368565362     
          21          17  -637.849167154354     
          21          18  -641.089596149637     
          21          19  -570.515829229529     
          21          20  -362.779062169529     
          21          21   10095.7759221301     
